#
# A fatal error has been detected by the Java Runtime Environment:
#
#  EXCEPTION_ACCESS_VIOLATION (0xc0000005) at pc=0x679b0c10, pid=5860, tid=4040
#
# JRE version: 7.0_09-b05
# Java VM: Java HotSpot(TM) Client VM (23.5-b02 mixed mode windows-x86 )
# Problematic frame:
# V  [jvm.dll+0x20c10]
#
# Failed to write core dump. Minidumps are not enabled by default on client versions of Windows
#
# If you would like to submit a bug report, please visit:
#   http://bugreport.sun.com/bugreport/crash.jsp
#

---------------  T H R E A D  ---------------

Current thread (0x17e2cc00):  JavaThread "JDWP Transport Listener: dt_socket" daemon [_thread_in_vm, id=4040, stack(0x18730000,0x18780000)]

siginfo: ExceptionCode=0xc0000005, reading address 0x00000008

Registers:
EAX=0x03f25778, EBX=0x03f25778, ECX=0x00000000, EDX=0x00000000
ESP=0x1877fb40, EBP=0x1877fb44, ESI=0x00000000, EDI=0x17e2cc00
EIP=0x679b0c10, EFLAGS=0x00010246

Top of Stack: (sp=0x1877fb40)
0x1877fb40:   17e2cd28 1877fb6c 67a364d3 03f25778
0x1877fb50:   17e2cd28 6957e174 6957e15c 17e2cc00
0x1877fb60:   00000000 17e2cd28 1877fc30 6957e99c
0x1877fb70:   695663b2 17e2cd28 17da2558 00000000
0x1877fb80:   1877fba4 1877fc30 00e531d8 1877fbe0
0x1877fb90:   17da2558 1877fbb0 6956bd12 1877fbb0
0x1877fba0:   1877fbe4 6957e890 6dfb5004 69582c68
0x1877fbb0:   17e90638 0000000b 00000000 00000013 

Instructions: (pc=0x679b0c10)
0x679b0bf0:   8b 0d 38 1d c9 67 85 c9 7e 05 8b 0c 01 eb 02 33
0x679b0c00:   c9 8b 15 3c 1d c9 67 85 d2 7e 05 8b 04 02 eb 03
0x679b0c10:   8b 46 08 85 c0 75 0f 33 c9 50 51 e8 c0 cb 14 00
0x679b0c20:   83 c4 08 5e 5d c3 8d 4c 4e 0c 50 51 e8 af cb 14 


Register to memory mapping:

EAX=
[error occurred during error reporting (printing register info), id 0xc0000005]

Stack: [0x18730000,0x18780000],  sp=0x1877fb40,  free space=318k
Native frames: (J=compiled Java code, j=interpreted, Vv=VM code, C=native code)
V  [jvm.dll+0x20c10]
V  [jvm.dll+0xa64d3]


---------------  P R O C E S S  ---------------

Java Threads: ( => current thread )
  0x17eb0800 JavaThread "Service Thread" daemon [_thread_blocked, id=4720, stack(0x186a0000,0x186f0000)]
  0x17e98c00 JavaThread "C1 CompilerThread0" daemon [_thread_blocked, id=7536, stack(0x188c0000,0x18910000)]
  0x17e33800 JavaThread "JDWP Command Reader" daemon [_thread_in_native, id=4056, stack(0x18820000,0x18870000)]
  0x17e30400 JavaThread "JDWP Event Helper Thread" daemon [_thread_blocked, id=6224, stack(0x187c0000,0x18810000)]
=>0x17e2cc00 JavaThread "JDWP Transport Listener: dt_socket" daemon [_thread_in_vm, id=4040, stack(0x18730000,0x18780000)]
  0x17e1f800 JavaThread "Attach Listener" daemon [_thread_blocked, id=3108, stack(0x18170000,0x181c0000)]
  0x17e1e400 JavaThread "Signal Dispatcher" daemon [_thread_blocked, id=4324, stack(0x17fc0000,0x18010000)]
  0x17da1400 JavaThread "Finalizer" daemon [_thread_blocked, id=2408, stack(0x18050000,0x180a0000)]
  0x17d9c400 JavaThread "Reference Handler" daemon [_thread_blocked, id=7768, stack(0x18120000,0x18170000)]
  0x0059b800 JavaThread "main" [_thread_blocked, id=7844, stack(0x00640000,0x00690000)]

Other Threads:
  0x17d96c00 VMThread [stack: 0x180d0000,0x18120000] [id=7644]
  0x17ec5800 WatcherThread [stack: 0x18590000,0x185e0000] [id=1388]

VM state:not at safepoint (normal execution)

VM Mutex/Monitor currently owned by a thread: None

Heap
 def new generation   total 4928K, used 1664K [0x03d90000, 0x042e0000, 0x092e0000)
  eden space 4416K,  37% used [0x03d90000, 0x03f30248, 0x041e0000)
  from space 512K,   0% used [0x041e0000, 0x041e0000, 0x04260000)
  to   space 512K,   0% used [0x04260000, 0x04260000, 0x042e0000)
 tenured generation   total 10944K, used 0K [0x092e0000, 0x09d90000, 0x13d90000)
   the space 10944K,   0% used [0x092e0000, 0x092e0000, 0x092e0200, 0x09d90000)
 compacting perm gen  total 12288K, used 1922K [0x13d90000, 0x14990000, 0x17d90000)
   the space 12288K,  15% used [0x13d90000, 0x13f70828, 0x13f70a00, 0x14990000)
No shared spaces configured.

Card table byte_map: [0x00e80000,0x00f30000] byte_map_base: 0x00e61380

Polling page: 0x00360000

Code Cache  [0x01d90000, 0x01e28000, 0x03d90000)
 total_blobs=143 nmethods=19 adapters=68 free_code_cache=32169Kb largest_free_block=32941504

Compilation events (10 events):
Event: 3.626 Thread 0x17e98c00   15             java.lang.String::startsWith (72 bytes)
Event: 3.627 Thread 0x17e98c00 nmethod 15 0x01e23f88 code [0x01e24090, 0x01e241e0]
Event: 4.831 Thread 0x17e98c00   16             java.lang.Object::<init> (1 bytes)
Event: 4.832 Thread 0x17e98c00 nmethod 16 0x01e243c8 code [0x01e244c0, 0x01e24550]
Event: 4.858 Thread 0x17e98c00   17             java.lang.String::length (6 bytes)
Event: 4.858 Thread 0x17e98c00 nmethod 17 0x01e245c8 code [0x01e246c0, 0x01e24750]
Event: 4.860 Thread 0x17e98c00   18             java.lang.String::lastIndexOf (52 bytes)
Event: 4.860 Thread 0x17e98c00 nmethod 18 0x01e247c8 code [0x01e248d0, 0x01e249ec]
Event: 4.862 Thread 0x17e98c00   19             sun.net.www.ParseUtil::encodePath (336 bytes)
Event: 4.863 Thread 0x17e98c00 nmethod 19 0x01e24ac8 code [0x01e24c70, 0x01e25348]

GC Heap History (0 events):
No events

Deoptimization events (0 events):
No events

Internal exceptions (10 events):
Event: 4.831 Thread 0x0059b800 Threw 0x03ef35b8 at C:\jdk7u1_32P\jdk7u9_3984_new\hotspot\src\share\vm\prims\jvm.cpp:1166
Event: 4.858 Thread 0x0059b800 Threw 0x03f04420 at C:\jdk7u1_32P\jdk7u9_3984_new\hotspot\src\share\vm\prims\jvm.cpp:1166
Event: 4.858 Thread 0x0059b800 Threw 0x03f064a0 at C:\jdk7u1_32P\jdk7u9_3984_new\hotspot\src\share\vm\prims\jvm.cpp:1166
Event: 4.859 Thread 0x0059b800 Threw 0x03f0aad8 at C:\jdk7u1_32P\jdk7u9_3984_new\hotspot\src\share\vm\prims\jvm.cpp:1166
Event: 4.859 Thread 0x0059b800 Threw 0x03f0cd38 at C:\jdk7u1_32P\jdk7u9_3984_new\hotspot\src\share\vm\prims\jvm.cpp:1166
Event: 4.860 Thread 0x0059b800 Threw 0x03f111a0 at C:\jdk7u1_32P\jdk7u9_3984_new\hotspot\src\share\vm\prims\jvm.cpp:1166
Event: 4.860 Thread 0x0059b800 Threw 0x03f14a90 at C:\jdk7u1_32P\jdk7u9_3984_new\hotspot\src\share\vm\prims\jvm.cpp:1166
Event: 4.861 Thread 0x0059b800 Threw 0x03f16c20 at C:\jdk7u1_32P\jdk7u9_3984_new\hotspot\src\share\vm\prims\jvm.cpp:1166
Event: 4.861 Thread 0x0059b800 Threw 0x03f18e28 at C:\jdk7u1_32P\jdk7u9_3984_new\hotspot\src\share\vm\prims\jvm.cpp:1166
Event: 4.862 Thread 0x0059b800 Threw 0x03f1bf20 at C:\jdk7u1_32P\jdk7u9_3984_new\hotspot\src\share\vm\prims\jvm.cpp:1166

Events (10 events):
Event: 44.828 Executing VM operation: ChangeSingleStep
Event: 44.828 Executing VM operation: ChangeSingleStep done
Event: 44.828 Executing VM operation: ForceSafepoint
Event: 44.828 Executing VM operation: ForceSafepoint done
Event: 44.829 Executing VM operation: ChangeSingleStep
Event: 44.829 Executing VM operation: ChangeSingleStep done
Event: 44.934 Executing VM operation: GetOrSetLocal
Event: 44.934 Executing VM operation: GetOrSetLocal done
Event: 44.951 Executing VM operation: GetOrSetLocal
Event: 44.951 Executing VM operation: GetOrSetLocal done


Dynamic libraries:
0x00f50000 - 0x00f7f000 	D:\Java\jdk1.7.0_09\bin\java.exe
0x777d0000 - 0x7790c000 	C:\Windows\SYSTEM32\ntdll.dll
0x771e0000 - 0x772b4000 	C:\Windows\system32\kernel32.dll
0x75a10000 - 0x75a5b000 	C:\Windows\system32\KERNELBASE.dll
0x774b0000 - 0x77550000 	C:\Windows\system32\ADVAPI32.dll
0x75c60000 - 0x75d0c000 	C:\Windows\system32\msvcrt.dll
0x761a0000 - 0x761b9000 	C:\Windows\SYSTEM32\sechost.dll
0x77400000 - 0x774a1000 	C:\Windows\system32\RPCRT4.dll
0x77330000 - 0x773f9000 	C:\Windows\system32\USER32.dll
0x77130000 - 0x7717e000 	C:\Windows\system32\GDI32.dll
0x77120000 - 0x7712a000 	C:\Windows\system32\LPK.dll
0x77550000 - 0x775ed000 	C:\Windows\system32\USP10.dll
0x74890000 - 0x74a2e000 	C:\Windows\WinSxS\x86_microsoft.windows.common-controls_6595b64144ccf1df_6.0.7601.17514_none_41e6975e2bd6f2b2\COMCTL32.dll
0x77180000 - 0x771d7000 	C:\Windows\system32\SHLWAPI.dll
0x77950000 - 0x7796f000 	C:\Windows\system32\IMM32.DLL
0x76360000 - 0x7642c000 	C:\Windows\system32\MSCTF.dll
0x69410000 - 0x694ce000 	D:\Java\jdk1.7.0_09\jre\bin\msvcr100.dll
0x67990000 - 0x67cdd000 	D:\Java\jdk1.7.0_09\jre\bin\client\jvm.dll
0x6feb0000 - 0x6feb7000 	C:\Windows\system32\WSOCK32.dll
0x770e0000 - 0x77115000 	C:\Windows\system32\WS2_32.dll
0x772c0000 - 0x772c6000 	C:\Windows\system32\NSI.dll
0x73250000 - 0x73282000 	C:\Windows\system32\WINMM.dll
0x77910000 - 0x77915000 	C:\Windows\system32\PSAPI.DLL
0x725f0000 - 0x725fc000 	D:\Java\jdk1.7.0_09\jre\bin\verify.dll
0x725d0000 - 0x725f0000 	D:\Java\jdk1.7.0_09\jre\bin\java.dll
0x69560000 - 0x6958a000 	D:\Java\jdk1.7.0_09\jre\bin\jdwp.dll
0x725c0000 - 0x725c7000 	D:\Java\jdk1.7.0_09\jre\bin\npt.dll
0x69540000 - 0x69560000 	D:\Java\jdk1.7.0_09\jre\bin\instrument.dll
0x6d500000 - 0x6d513000 	D:\Java\jdk1.7.0_09\jre\bin\zip.dll
0x6dfb0000 - 0x6dfb8000 	D:\Java\jdk1.7.0_09\jre\bin\dt_socket.dll
0x00600000 - 0x00635000 	d:\Program Files\YouKu\YoukuClient\ikutm.dll
0x77670000 - 0x777cc000 	C:\Windows\system32\ole32.dll
0x74790000 - 0x747b1000 	C:\Windows\system32\ntmarta.dll
0x77090000 - 0x770d5000 	C:\Windows\system32\WLDAP32.dll
0x01cd0000 - 0x01d02000 	d:\Program Files\YouKu\YoukuClient\ikutmco.dll
0x753d0000 - 0x7540c000 	C:\Windows\system32\mswsock.dll
0x74780000 - 0x74786000 	C:\Windows\System32\wshqos.dll
0x74770000 - 0x74775000 	C:\Windows\system32\wshtcpip.DLL
0x753c0000 - 0x753c6000 	C:\Windows\system32\wship6.dll
0x6d670000 - 0x6d75b000 	C:\Windows\system32\dbghelp.dll

VM Arguments:
jvm_args: -agentlib:jdwp=transport=dt_socket,address=127.0.0.1:1767,suspend=y,server=n -javaagent:C:\Users\nove\.IdeaIC11\system\groovyHotSwap\gragent.jar -Dfile.encoding=UTF-8 
java_command: Control.Controller
Launcher Type: SUN_STANDARD

Environment Variables:
JAVA_HOME=D:\Java\jdk1.7.0_09\
CLASSPATH=.;D:\Java\jdk1.7.0_09\\lib\dt.jar;D:\Java\jdk1.7.0_09\\lib\toos.jar;
PATH=D:\Program Files\JetBrains\IntelliJ IDEA Community Edition 11.1.4\bin\..\.\bin;C:\Windows\system32;C:\Windows;C:\Windows\System32\Wbem;C:\Windows\System32\WindowsPowerShell\v1.0\;D:\Program Files\ATI Technologies\ATI.ACE\Core-Static;C:\Program Files\Microsoft SQL Server\100\Tools\Binn\;C:\Program Files\Microsoft SQL Server\100\DTS\Binn\;D:\Program Files\TortoiseSVN\bin;d:\Program Files\Git\cmd;d:\Ruby193\bin;.;D:\apache-maven-3.0.3-bin\apache-maven-3.0.3\bin;D:\Java\jdk1.7.0_09\\bin;D:\Program Files;D:\BrowseDown\gradle-1.4-all\gradle-1.4\bin;d:\program files\jetbrains\intellij idea community edition 11.1.4\jre\jre\bin
USERNAME=nove
OS=Windows_NT
PROCESSOR_IDENTIFIER=x86 Family 6 Model 42 Stepping 7, GenuineIntel



---------------  S Y S T E M  ---------------

OS: Windows 7 Build 7601 Service Pack 1

CPU:total 4 (2 cores per cpu, 2 threads per core) family 6 model 42 stepping 7, cmov, cx8, fxsr, mmx, sse, sse2, sse3, ssse3, sse4.1, sse4.2, popcnt, avx, ht, tsc, tscinvbit

Memory: 4k page, physical 3059888k(1630056k free), swap 6118020k(4346020k free)

vm_info: Java HotSpot(TM) Client VM (23.5-b02) for windows-x86 JRE (1.7.0_09-b05), built on Sep 24 2012 22:01:33 by "java_re" with unknown MS VC++:1600

time: Fri Mar 22 09:34:23 2013
elapsed time: 45 seconds

