#
# A fatal error has been detected by the Java Runtime Environment:
#
#  EXCEPTION_ACCESS_VIOLATION (0xc0000005) at pc=0x00000008, pid=9160, tid=13108
#
# JRE version: 7.0_09-b05
# Java VM: Java HotSpot(TM) Client VM (23.5-b02 mixed mode windows-x86 )
# Problematic frame:
# C  0x00000008
#
# Failed to write core dump. Minidumps are not enabled by default on client versions of Windows
#
# If you would like to submit a bug report, please visit:
#   http://bugreport.sun.com/bugreport/crash.jsp
# The crash happened outside the Java Virtual Machine in native code.
# See problematic frame for where to report the bug.
#

---------------  T H R E A D  ---------------

Current thread (0x004eb400):  JavaThread "main" [_thread_in_native, id=13108, stack(0x00500000,0x00550000)]

siginfo: ExceptionCode=0xc0000005, ExceptionInformation=0x00000008 0x00000008

Registers:
EAX=0x0000000a, EBX=0x004eb400, ECX=0x0000000f, EDX=0x17f76fb2
ESP=0x0054f008, EBP=0x00000006, ESI=0x00000000, EDI=0x0054f180
EIP=0x00000008, EFLAGS=0x00010202

Top of Stack: (sp=0x0054f008)
0x0054f008:   004eb400 17c5d048 13c2cbd0 00000007
0x0054f018:   01aa56fe 00000000 6e6c7200 0054f180
0x0054f028:   6fdf7148 00000000 00000020 00000000
0x0054f038:   0054f044 6fd82e2b 6fdfbb60 0054f050
0x0054f048:   6fd8f36f 00000011 0054f090 6fd9216d
0x0054f058:   00000001 6fdf73c8 6fd9215c 2bb4d2c0
0x0054f068:   0054f180 00000000 5e1a1010 00000003
0x0054f078:   0054f088 6caf5e43 00000000 00000000 

Instructions: (pc=0x00000008)
0xffffffe8:   


Register to memory mapping:

EAX=0x0000000a is an unknown value
EBX=0x004eb400 is a thread
ECX=0x0000000f is an unknown value
EDX=0x17f76fb2 is an unknown value
ESP=0x0054f008 is pointing into the stack for thread: 0x004eb400
EBP=0x00000006 is an unknown value
ESI=0x00000000 is an unknown value
EDI=0x0054f180 is pointing into the stack for thread: 0x004eb400


Stack: [0x00500000,0x00550000],  sp=0x0054f008,  free space=316k
Native frames: (J=compiled Java code, j=interpreted, Vv=VM code, C=native code)
C  0x00000008

Java frames: (J=compiled Java code, j=interpreted, Vv=VM code)
j  com.sun.jna.Function.invokeInt(I[Ljava/lang/Object;)I+0
j  com.sun.jna.Function.invoke([Ljava/lang/Object;Ljava/lang/Class;Z)Ljava/lang/Object;+315
j  com.sun.jna.Function.invoke(Ljava/lang/Class;[Ljava/lang/Object;Ljava/util/Map;)Ljava/lang/Object;+214
j  com.sun.jna.Library$Handler.invoke(Ljava/lang/Object;Ljava/lang/reflect/Method;[Ljava/lang/Object;)Ljava/lang/Object;+341
j  $Proxy0.Add(ILjava/lang/String;)I+23
j  PrintConsole.jnaTest.main([Ljava/lang/String;)V+28
v  ~StubRoutines::call_stub

---------------  P R O C E S S  ---------------

Java Threads: ( => current thread )
  0x17c71000 JavaThread "Service Thread" daemon [_thread_blocked, id=12400, stack(0x18690000,0x186e0000)]
  0x17c70800 JavaThread "C1 CompilerThread0" daemon [_thread_blocked, id=13712, stack(0x18220000,0x18270000)]
  0x17c62400 JavaThread "JDWP Command Reader" daemon [_thread_in_native, id=12308, stack(0x183d0000,0x18420000)]
  0x17c5f000 JavaThread "JDWP Event Helper Thread" daemon [_thread_blocked, id=8824, stack(0x18330000,0x18380000)]
  0x17c5c000 JavaThread "JDWP Transport Listener: dt_socket" daemon [_thread_blocked, id=11288, stack(0x181d0000,0x18220000)]
  0x17c4ec00 JavaThread "Attach Listener" daemon [_thread_blocked, id=9892, stack(0x18060000,0x180b0000)]
  0x17c4dc00 JavaThread "Signal Dispatcher" daemon [_thread_blocked, id=11900, stack(0x17f20000,0x17f70000)]
  0x17bd0c00 JavaThread "Finalizer" daemon [_thread_blocked, id=11024, stack(0x01340000,0x01390000)]
  0x17bcac00 JavaThread "Reference Handler" daemon [_thread_blocked, id=8908, stack(0x18000000,0x18050000)]
=>0x004eb400 JavaThread "main" [_thread_in_native, id=13108, stack(0x00500000,0x00550000)]

Other Threads:
  0x17bc5800 VMThread [stack: 0x17e00000,0x17e50000] [id=9324]
  0x17c8a000 WatcherThread [stack: 0x186f0000,0x18740000] [id=12668]

VM state:not at safepoint (normal execution)

VM Mutex/Monitor currently owned by a thread: None

Heap
 def new generation   total 4928K, used 2785K [0x03b10000, 0x04060000, 0x09060000)
  eden space 4416K,  63% used [0x03b10000, 0x03dc8408, 0x03f60000)
  from space 512K,   0% used [0x03f60000, 0x03f60000, 0x03fe0000)
  to   space 512K,   0% used [0x03fe0000, 0x03fe0000, 0x04060000)
 tenured generation   total 10944K, used 0K [0x09060000, 0x09b10000, 0x13b10000)
   the space 10944K,   0% used [0x09060000, 0x09060000, 0x09060200, 0x09b10000)
 compacting perm gen  total 12288K, used 2887K [0x13b10000, 0x14710000, 0x17b10000)
   the space 12288K,  23% used [0x13b10000, 0x13de1dd0, 0x13de1e00, 0x14710000)
No shared spaces configured.

Card table byte_map: [0x17b10000,0x17bc0000] byte_map_base: 0x17af2780

Polling page: 0x00370000

Code Cache  [0x01a90000, 0x01b40000, 0x03a90000)
 total_blobs=194 nmethods=53 adapters=85 free_code_cache=32064Kb largest_free_block=32833792

Compilation events (10 events):
Event: 10.319 Thread 0x17c70800   49             java.util.ArrayList::rangeCheck (22 bytes)
Event: 10.319 Thread 0x17c70800 nmethod 49 0x01b3e248 code [0x01b3e3a0, 0x01b3e678]
Event: 10.319 Thread 0x17c70800   50             java.util.ArrayList::elementData (7 bytes)
Event: 10.319 Thread 0x17c70800 nmethod 50 0x01b3e988 code [0x01b3ea80, 0x01b3eb20]
Event: 10.328 Thread 0x17c70800   51             sun.misc.URLClassPath::getResource (74 bytes)
Event: 10.328 Thread 0x17c70800 nmethod 51 0x01b3ebc8 code [0x01b3ece0, 0x01b3edf8]
Event: 10.330 Thread 0x17c70800   52   !         sun.misc.URLClassPath$JarLoader::getResource (91 bytes)
Event: 10.330 Thread 0x17c70800 nmethod 52 0x01b3eec8 code [0x01b3f080, 0x01b3f510]
Event: 10.348 Thread 0x17c70800   53             java.lang.AbstractStringBuilder::expandCapacity (50 bytes)
Event: 10.348 Thread 0x17c70800 nmethod 53 0x01b3fa48 code [0x01b3fb60, 0x01b3fda8]

GC Heap History (0 events):
No events

Deoptimization events (0 events):
No events

Internal exceptions (10 events):
Event: 10.285 Thread 0x004eb400 Threw 0x03d812a0 at C:\jdk7u1_32P\jdk7u9_3984_new\hotspot\src\share\vm\prims\jvm.cpp:1166
Event: 10.292 Thread 0x004eb400 Threw 0x03d84950 at C:\jdk7u1_32P\jdk7u9_3984_new\hotspot\src\share\vm\prims\jvm.cpp:1166
Event: 10.299 Thread 0x004eb400 Threw 0x03d96de8 at C:\jdk7u1_32P\jdk7u9_3984_new\hotspot\src\share\vm\prims\jvm.cpp:1166
Event: 10.306 Thread 0x004eb400 Threw 0x03d9cb80 at C:\jdk7u1_32P\jdk7u9_3984_new\hotspot\src\share\vm\prims\jvm.cpp:1166
Event: 10.312 Thread 0x004eb400 Threw 0x03d9f918 at C:\jdk7u1_32P\jdk7u9_3984_new\hotspot\src\share\vm\prims\jvm.cpp:1166
Event: 10.319 Thread 0x004eb400 Threw 0x03da2e90 at C:\jdk7u1_32P\jdk7u9_3984_new\hotspot\src\share\vm\prims\jvm.cpp:1166
Event: 10.329 Thread 0x004eb400 Threw 0x03da6c40 at C:\jdk7u1_32P\jdk7u9_3984_new\hotspot\src\share\vm\prims\jvm.cpp:1166
Event: 10.335 Thread 0x004eb400 Threw 0x03daa020 at C:\jdk7u1_32P\jdk7u9_3984_new\hotspot\src\share\vm\prims\jvm.cpp:1166
Event: 10.345 Thread 0x004eb400 Threw 0x03daf158 at C:\jdk7u1_32P\jdk7u9_3984_new\hotspot\src\share\vm\prims\jvm.cpp:1166
Event: 10.352 Thread 0x004eb400 Threw 0x03db3620 at C:\jdk7u1_32P\jdk7u9_3984_new\hotspot\src\share\vm\prims\jvm.cpp:1166

Events (10 events):
Event: 10.341 loading class 0x01306f70
Event: 10.341 loading class 0x01306f70 done
Event: 10.341 loading class 0x17bc9078
Event: 10.341 loading class 0x17bc9078 done
Event: 10.341 loading class 0x17bc07e0
Event: 10.341 loading class 0x17bc07e0 done
Event: 10.344 loading class 0x17d99b98
Event: 10.344 loading class 0x17d99b98 done
Event: 10.351 loading class 0x17d8d5e0
Event: 10.351 loading class 0x17d8d5e0 done


Dynamic libraries:
0x01390000 - 0x013bf000 	D:\Java\jdk1.7.0_09\bin\java.exe
0x77c00000 - 0x77d3c000 	C:\Windows\SYSTEM32\ntdll.dll
0x77d50000 - 0x77e24000 	C:\Windows\system32\kernel32.dll
0x75e10000 - 0x75e5b000 	C:\Windows\system32\KERNELBASE.dll
0x77480000 - 0x77520000 	C:\Windows\system32\ADVAPI32.dll
0x77af0000 - 0x77b9c000 	C:\Windows\system32\msvcrt.dll
0x77ad0000 - 0x77ae9000 	C:\Windows\SYSTEM32\sechost.dll
0x779f0000 - 0x77a91000 	C:\Windows\system32\RPCRT4.dll
0x77520000 - 0x775e9000 	C:\Windows\system32\USER32.dll
0x77620000 - 0x7766e000 	C:\Windows\system32\GDI32.dll
0x77d40000 - 0x77d4a000 	C:\Windows\system32\LPK.dll
0x773e0000 - 0x7747d000 	C:\Windows\system32\USP10.dll
0x74e10000 - 0x74fae000 	C:\Windows\WinSxS\x86_microsoft.windows.common-controls_6595b64144ccf1df_6.0.7601.17514_none_41e6975e2bd6f2b2\COMCTL32.dll
0x77ba0000 - 0x77bf7000 	C:\Windows\system32\SHLWAPI.dll
0x775f0000 - 0x7760f000 	C:\Windows\system32\IMM32.DLL
0x770e0000 - 0x771ac000 	C:\Windows\system32\MSCTF.dll
0x52e40000 - 0x52efe000 	D:\Java\jdk1.7.0_09\jre\bin\msvcr100.dll
0x6e690000 - 0x6e9dd000 	D:\Java\jdk1.7.0_09\jre\bin\client\jvm.dll
0x6fcf0000 - 0x6fcf7000 	C:\Windows\system32\WSOCK32.dll
0x773a0000 - 0x773d5000 	C:\Windows\system32\WS2_32.dll
0x77670000 - 0x77676000 	C:\Windows\system32\NSI.dll
0x73d60000 - 0x73d92000 	C:\Windows\system32\WINMM.dll
0x77610000 - 0x77615000 	C:\Windows\system32\PSAPI.DLL
0x751e0000 - 0x751ec000 	D:\Java\jdk1.7.0_09\jre\bin\verify.dll
0x63fa0000 - 0x63fc0000 	D:\Java\jdk1.7.0_09\jre\bin\java.dll
0x5e210000 - 0x5e23a000 	D:\Java\jdk1.7.0_09\jre\bin\jdwp.dll
0x5e340000 - 0x5e347000 	D:\Java\jdk1.7.0_09\jre\bin\npt.dll
0x5e1f0000 - 0x5e203000 	D:\Java\jdk1.7.0_09\jre\bin\zip.dll
0x5e1e0000 - 0x5e1e8000 	D:\Java\jdk1.7.0_09\jre\bin\dt_socket.dll
0x17dc0000 - 0x17df5000 	d:\Program Files\YouKu\YoukuClient\ikutm.dll
0x771b0000 - 0x7730c000 	C:\Windows\system32\ole32.dll
0x74bc0000 - 0x74be1000 	C:\Windows\system32\ntmarta.dll
0x77890000 - 0x778d5000 	C:\Windows\system32\WLDAP32.dll
0x17e70000 - 0x17ea2000 	d:\Program Files\YouKu\YoukuClient\ikutmco.dll
0x75800000 - 0x7583c000 	C:\Windows\system32\mswsock.dll
0x74bb0000 - 0x74bb6000 	C:\Windows\System32\wshqos.dll
0x74ba0000 - 0x74ba5000 	C:\Windows\system32\wshtcpip.DLL
0x757f0000 - 0x757f6000 	C:\Windows\system32\wship6.dll
0x75840000 - 0x75856000 	C:\Windows\system32\CRYPTSP.dll
0x755e0000 - 0x7561b000 	C:\Windows\system32\rsaenh.dll
0x753f0000 - 0x75407000 	C:\Windows\system32\USERENV.dll
0x75d90000 - 0x75d9b000 	C:\Windows\system32\profapi.dll
0x75d10000 - 0x75d1c000 	C:\Windows\system32\CRYPTBASE.dll
0x5e1c0000 - 0x5e1d4000 	D:\Java\jdk1.7.0_09\jre\bin\net.dll
0x739c0000 - 0x739d0000 	C:\Windows\system32\NLAapi.dll
0x739b0000 - 0x739c0000 	C:\Windows\system32\napinsp.dll
0x73990000 - 0x739a2000 	C:\Windows\system32\pnrpnsp.dll
0x756c0000 - 0x75704000 	C:\Windows\system32\DNSAPI.dll
0x736e0000 - 0x736e8000 	C:\Windows\System32\winrnr.dll
0x736d0000 - 0x736dd000 	C:\Windows\system32\wshbth.dll
0x75170000 - 0x7518c000 	C:\Windows\system32\IPHLPAPI.DLL
0x75160000 - 0x75167000 	C:\Windows\system32\WINNSI.DLL
0x738e0000 - 0x738e6000 	C:\Windows\system32\rasadhlp.dll
0x734b0000 - 0x734e8000 	C:\Windows\System32\fwpuclnt.dll
0x5e1b0000 - 0x5e1bf000 	D:\Java\jdk1.7.0_09\jre\bin\nio.dll
0x18470000 - 0x184c4000 	C:\Users\nove\AppData\Local\Temp\jna429670503956088903.dll
0x5e1a0000 - 0x5e1a6000 	E:\³ÌÐò\java³ÌÐò\ZillionarieGames\PrintfWithColorDll.dll
0x6caf0000 - 0x6cb7e000 	C:\Windows\WinSxS\x86_microsoft.vc90.crt_1fc8b3b9a1e18e3b_9.0.30729.6161_none_50934f2ebcb7eb57\MSVCP90.dll
0x6fd60000 - 0x6fe03000 	C:\Windows\WinSxS\x86_microsoft.vc90.crt_1fc8b3b9a1e18e3b_9.0.30729.6161_none_50934f2ebcb7eb57\MSVCR90.dll
0x73c20000 - 0x73d0b000 	C:\Windows\system32\dbghelp.dll

VM Arguments:
jvm_args: -agentlib:jdwp=transport=dt_socket,address=127.0.0.1:3219,suspend=y,server=n -Dfile.encoding=UTF-8 
java_command: PrintConsole.jnaTest
Launcher Type: SUN_STANDARD

Environment Variables:
JAVA_HOME=D:\Java\jdk1.7.0_09\
CLASSPATH=.;D:\Java\jdk1.7.0_09\\lib\dt.jar;D:\Java\jdk1.7.0_09\\lib\toos.jar;
PATH=D:\Program Files\JetBrains\IntelliJ IDEA Community Edition 11.1.4\bin\..\.\bin;C:\Windows\system32;C:\Windows;C:\Windows\System32\Wbem;C:\Windows\System32\WindowsPowerShell\v1.0\;D:\Program Files\ATI Technologies\ATI.ACE\Core-Static;C:\Program Files\Microsoft SQL Server\100\Tools\Binn\;C:\Program Files\Microsoft SQL Server\100\DTS\Binn\;D:\Program Files\TortoiseSVN\bin;d:\Program Files\Git\cmd;d:\Ruby193\bin;.;D:\apache-maven-3.0.3-bin\apache-maven-3.0.3\bin;D:\Java\jdk1.7.0_09\\bin;D:\Program Files;d:\program files\jetbrains\intellij idea community edition 11.1.4\jre\jre\bin
USERNAME=nove
OS=Windows_NT
PROCESSOR_IDENTIFIER=x86 Family 6 Model 42 Stepping 7, GenuineIntel



---------------  S Y S T E M  ---------------

OS: Windows 7 Build 7601 Service Pack 1

CPU:total 4 (2 cores per cpu, 2 threads per core) family 6 model 42 stepping 7, cmov, cx8, fxsr, mmx, sse, sse2, sse3, ssse3, sse4.1, sse4.2, popcnt, avx, ht, tsc, tscinvbit

Memory: 4k page, physical 3059888k(845780k free), swap 6118020k(2970136k free)

vm_info: Java HotSpot(TM) Client VM (23.5-b02) for windows-x86 JRE (1.7.0_09-b05), built on Sep 24 2012 22:01:33 by "java_re" with unknown MS VC++:1600

time: Fri Mar 01 11:56:15 2013
elapsed time: 10 seconds

